<?xml version="1.0" encoding="UTF-8"?>
<!-- Generated by org.testng.reporters.JUnitReportReporter -->
<testsuite hostname="ST.local" failures="0" tests="2" name="tests.BaseClass" time="0.057" errors="1" timestamp="12 Feb 2020 11:54:53 GMT" skipped="0">
  <testcase classname="tests.BaseClass" name="teardown" time="0.050">
    <error message="Method has not yet been implemented
Build info: version: &#039;3.141.59&#039;, revision: &#039;e82be7d358&#039;, time: &#039;2018-11-14T08:17:03&#039;
System info: host: &#039;ST.local&#039;, ip: &#039;fe80:0:0:0:18f8:ed5b:2598:d0ef%en0&#039;, os.name: &#039;Mac OS X&#039;, os.arch: &#039;x86_64&#039;, os.version: &#039;10.13.6&#039;, java.version: &#039;9.0.4&#039;
Driver info: io.appium.java_client.AppiumDriver
Capabilities {appActivity: com.veristerminal.MainActivity, appPackage: com.veristerminal, databaseEnabled: false, desired: {appActivity: com.veristerminal.MainActivity, appPackage: com.veristerminal, deviceName: Galaxy Tab A, newCommandTimeout: 60, platformName: android, udid: R52M80NXYTL, version: 9}, deviceManufacturer: samsung, deviceModel: SM-T510, deviceName: R52M80NXYTL, deviceScreenSize: 1200x1920, deviceUDID: R52M80NXYTL, javascriptEnabled: true, locationContextEnabled: false, networkConnectionEnabled: true, newCommandTimeout: 60, platform: LINUX, platformName: Android, platformVersion: 9, takesScreenshot: true, udid: R52M80NXYTL, version: 9, warnings: {}, webStorageEnabled: false}
Session ID: e3d6cc86-bbba-4aab-8eba-35c4fdcc6fbc" type="org.openqa.selenium.UnsupportedCommandException">
      <![CDATA[org.openqa.selenium.UnsupportedCommandException: Method has not yet been implemented
Build info: version: '3.141.59', revision: 'e82be7d358', time: '2018-11-14T08:17:03'
System info: host: 'ST.local', ip: 'fe80:0:0:0:18f8:ed5b:2598:d0ef%en0', os.name: 'Mac OS X', os.arch: 'x86_64', os.version: '10.13.6', java.version: '9.0.4'
Driver info: io.appium.java_client.AppiumDriver
Capabilities {appActivity: com.veristerminal.MainActivity, appPackage: com.veristerminal, databaseEnabled: false, desired: {appActivity: com.veristerminal.MainActivity, appPackage: com.veristerminal, deviceName: Galaxy Tab A, newCommandTimeout: 60, platformName: android, udid: R52M80NXYTL, version: 9}, deviceManufacturer: samsung, deviceModel: SM-T510, deviceName: R52M80NXYTL, deviceScreenSize: 1200x1920, deviceUDID: R52M80NXYTL, javascriptEnabled: true, locationContextEnabled: false, networkConnectionEnabled: true, newCommandTimeout: 60, platform: LINUX, platformName: Android, platformVersion: 9, takesScreenshot: true, udid: R52M80NXYTL, version: 9, warnings: {}, webStorageEnabled: false}
Session ID: e3d6cc86-bbba-4aab-8eba-35c4fdcc6fbc
at java.base/jdk.internal.reflect.NativeConstructorAccessorImpl.newInstance0(Native Method)
at java.base/jdk.internal.reflect.NativeConstructorAccessorImpl.newInstance(NativeConstructorAccessorImpl.java:62)
at java.base/jdk.internal.reflect.DelegatingConstructorAccessorImpl.newInstance(DelegatingConstructorAccessorImpl.java:45)
at java.base/java.lang.reflect.Constructor.newInstance(Constructor.java:488)
at org.openqa.selenium.remote.http.W3CHttpResponseCodec.createException(W3CHttpResponseCodec.java:187)
at org.openqa.selenium.remote.http.W3CHttpResponseCodec.decode(W3CHttpResponseCodec.java:122)
at org.openqa.selenium.remote.http.W3CHttpResponseCodec.decode(W3CHttpResponseCodec.java:49)
at org.openqa.selenium.remote.HttpCommandExecutor.execute(HttpCommandExecutor.java:158)
at io.appium.java_client.remote.AppiumCommandExecutor.execute(AppiumCommandExecutor.java:239)
at org.openqa.selenium.remote.RemoteWebDriver.execute(RemoteWebDriver.java:552)
at io.appium.java_client.DefaultGenericMobileDriver.execute(DefaultGenericMobileDriver.java:45)
at io.appium.java_client.AppiumDriver.execute(AppiumDriver.java:1)
at org.openqa.selenium.remote.RemoteWebDriver.close(RemoteWebDriver.java:442)
at tests.BaseClass.teardown(BaseClass.java:235)
at java.base/jdk.internal.reflect.NativeMethodAccessorImpl.invoke0(Native Method)
at java.base/jdk.internal.reflect.NativeMethodAccessorImpl.invoke(NativeMethodAccessorImpl.java:62)
at java.base/jdk.internal.reflect.DelegatingMethodAccessorImpl.invoke(DelegatingMethodAccessorImpl.java:43)
at java.base/java.lang.reflect.Method.invoke(Method.java:564)
at org.testng.internal.MethodInvocationHelper.invokeMethod(MethodInvocationHelper.java:124)
at org.testng.internal.MethodInvocationHelper.invokeMethodConsideringTimeout(MethodInvocationHelper.java:59)
at org.testng.internal.Invoker.invokeConfigurationMethod(Invoker.java:458)
at org.testng.internal.Invoker.invokeConfigurations(Invoker.java:222)
at org.testng.internal.Invoker.invokeConfigurations(Invoker.java:142)
at org.testng.TestRunner.afterRun(TestRunner.java:725)
at org.testng.TestRunner.run(TestRunner.java:509)
at org.testng.SuiteRunner.runTest(SuiteRunner.java:455)
at org.testng.SuiteRunner.runSequentially(SuiteRunner.java:450)
at org.testng.SuiteRunner.privateRun(SuiteRunner.java:415)
at org.testng.SuiteRunner.run(SuiteRunner.java:364)
at org.testng.SuiteRunnerWorker.runSuite(SuiteRunnerWorker.java:52)
at org.testng.SuiteRunnerWorker.run(SuiteRunnerWorker.java:84)
at org.testng.TestNG.runSuitesSequentially(TestNG.java:1208)
at org.testng.TestNG.runSuitesLocally(TestNG.java:1137)
at org.testng.TestNG.runSuites(TestNG.java:1049)
at org.testng.TestNG.run(TestNG.java:1017)
at org.testng.remote.AbstractRemoteTestNG.run(AbstractRemoteTestNG.java:114)
at org.testng.remote.RemoteTestNG.initAndRun(RemoteTestNG.java:251)
at org.testng.remote.RemoteTestNG.main(RemoteTestNG.java:77)
]]>
    </error>
  </testcase> <!-- teardown -->
  <testcase classname="tests.BaseClass" name="sampleTest" time="0.007"/>
</testsuite> <!-- tests.BaseClass -->
